<testsuites id="" name="" tests="2" failures="0" skipped="0" errors="0" time="4.795512">
<testsuite name="smartSort\basic.spec.ts" timestamp="2025-02-26T15:45:34.830Z" hostname="chromium" tests="2" failures="0" skipped="0" time="0.028" errors="0">
<testcase name="All icons are shown when enabled-smartfilter" classname="smartSort\basic.spec.ts" time="0.014">
</testcase>
<testcase name="All icons are shown when enabled-smartfilteraggrid" classname="smartSort\basic.spec.ts" time="0.014">
</testcase>
</testsuite>
</testsuites>